<?xml version="1.0" encoding="UTF-8"?>
<testng-results skipped="0" failed="0" total="1" passed="1">
  <reporter-output>
  </reporter-output>
  <suite name="Default suite" duration-ms="34767" started-at="2016-08-26T07:48:04Z" finished-at="2016-08-26T07:48:39Z">
    <groups>
    </groups>
    <test name="Default test" duration-ms="34767" started-at="2016-08-26T07:48:04Z" finished-at="2016-08-26T07:48:39Z">
      <class name="TestNG.NYTimes">
        <test-method status="PASS" signature="beforeMethod()[pri:0, instance:TestNG.NYTimes@643b1d11]" name="beforeMethod" is-config="true" duration-ms="11206" started-at="2016-08-26T00:48:04Z" finished-at="2016-08-26T00:48:16Z">
          <reporter-output>
          </reporter-output>
        </test-method> <!-- beforeMethod -->
        <test-method status="PASS" signature="f()[pri:0, instance:TestNG.NYTimes@643b1d11]" name="f" duration-ms="22575" started-at="2016-08-26T00:48:16Z" finished-at="2016-08-26T00:48:38Z">
          <reporter-output>
          </reporter-output>
        </test-method> <!-- f -->
        <test-method status="PASS" signature="afterMethod()[pri:0, instance:TestNG.NYTimes@643b1d11]" name="afterMethod" is-config="true" duration-ms="972" started-at="2016-08-26T00:48:38Z" finished-at="2016-08-26T00:48:39Z">
          <reporter-output>
          </reporter-output>
        </test-method> <!-- afterMethod -->
      </class> <!-- TestNG.NYTimes -->
    </test> <!-- Default test -->
  </suite> <!-- Default suite -->
</testng-results>
